14:21:40,T91_1,Tien,out
14:31:25,T91_1,Tien,in
14:31:25,T91_1,Tien,out
14:31:25,T91_1,Tien,in
14:31:25,T91_1,Tien,out
14:33:54,T91_1,Tien,in
14:33:57,T91_1,Tien,out
14:34:01,T91_1,Tien,in
14:34:01,T91_1,Tien,out
14:34:21,T91_1,Tien,in
14:35:10,T91_1,Tien,out
14:35:24,T91_1,Tien,in
14:35:33,T91_1,Tien,out
14:35:42,T91_1,Tien,in
14:36:34,T91_2,Haung,out
14:37:17,T91_2,Haung,in
14:37:44,T91_3,Wang,out
14:37:49,T91_4,Yang,out
14:37:55,T91_1,Tien,out
14:37:55,T91_1,Tien,in
14:38:09,T91_2,Haung,out
14:38:15,T91_1,Tien,out
